Using pre-set license
Built from '2021.3/staging' branch; Version is '2021.3.26f1 (a16dc32e0ff2) revision 10579395'; Using compiler version '192829333'; Build Type 'Release'
OS: 'Windows 11  (10.0.22621) 64bit Core' Language: 'en' Physical Memory: 32612 MB
BatchMode: 1, IsHumanControllingUs: 0, StartBugReporterOnCrash: 0, Is64bit: 1, IsPro: 1

COMMAND LINE ARGUMENTS:
C:\Program Files\Unity\Hub\Editor\2021.3.26f1\Editor\Unity.exe
-adb2
-batchMode
-noUpm
-name
AssetImportWorker5
-projectPath
D:/overdrive
-logFile
Logs/AssetImportWorker5.log
-srvPort
57077
Successfully changed project path to: D:/overdrive
D:/overdrive
[UnityMemory] Configuration Parameters - Can be set up in boot.config
    "memorysetup-bucket-allocator-granularity=16"
    "memorysetup-bucket-allocator-bucket-count=8"
    "memorysetup-bucket-allocator-block-size=33554432"
    "memorysetup-bucket-allocator-block-count=8"
    "memorysetup-main-allocator-block-size=16777216"
    "memorysetup-thread-allocator-block-size=16777216"
    "memorysetup-gfx-main-allocator-block-size=16777216"
    "memorysetup-gfx-thread-allocator-block-size=16777216"
    "memorysetup-cache-allocator-block-size=4194304"
    "memorysetup-typetree-allocator-block-size=2097152"
    "memorysetup-profiler-bucket-allocator-granularity=16"
    "memorysetup-profiler-bucket-allocator-bucket-count=8"
    "memorysetup-profiler-bucket-allocator-block-size=33554432"
    "memorysetup-profiler-bucket-allocator-block-count=8"
    "memorysetup-profiler-allocator-block-size=16777216"
    "memorysetup-profiler-editor-allocator-block-size=1048576"
    "memorysetup-temp-allocator-size-main=16777216"
    "memorysetup-job-temp-allocator-block-size=2097152"
    "memorysetup-job-temp-allocator-block-size-background=1048576"
    "memorysetup-job-temp-allocator-reduction-small-platforms=262144"
    "memorysetup-temp-allocator-size-background-worker=32768"
    "memorysetup-temp-allocator-size-job-worker=262144"
    "memorysetup-temp-allocator-size-preload-manager=33554432"
    "memorysetup-temp-allocator-size-nav-mesh-worker=65536"
    "memorysetup-temp-allocator-size-audio-worker=65536"
    "memorysetup-temp-allocator-size-cloud-worker=32768"
    "memorysetup-temp-allocator-size-gi-baking-worker=262144"
    "memorysetup-temp-allocator-size-gfx=262144"
Player connection [33960] Host "[IP] 10.0.0.101 [Port] 0 [Flags] 2 [Guid] 1839134557 [EditorId] 1839134557 [Version] 1048832 [Id] WindowsEditor(7,MSI) [Debug] 1 [PackageName] WindowsEditor [ProjectName] Editor" joined multi-casting on [225.0.0.222:54997]...

Player connection [33960] Host "[IP] 10.0.0.101 [Port] 0 [Flags] 2 [Guid] 1839134557 [EditorId] 1839134557 [Version] 1048832 [Id] WindowsEditor(7,MSI) [Debug] 1 [PackageName] WindowsEditor [ProjectName] Editor" joined alternative multi-casting on [225.0.0.222:34997]...

Refreshing native plugins compatible for Editor in 170.91 ms, found 3 plugins.
Preloading 0 native plugins for Editor in 0.00 ms.
Initialize engine version: 2021.3.26f1 (a16dc32e0ff2)
[Subsystems] Discovering subsystems at path C:/Program Files/Unity/Hub/Editor/2021.3.26f1/Editor/Data/Resources/UnitySubsystems
[Subsystems] Discovering subsystems at path D:/overdrive/Assets
GfxDevice: creating device client; threaded=0; jobified=0
Direct3D:
    Version:  Direct3D 11.0 [level 11.1]
    Renderer: NVIDIA GeForce RTX 2080 with Max-Q Design (ID=0x1e90)
    Vendor:   NVIDIA
    VRAM:     8011 MB
    Driver:   31.0.15.1694
Initialize mono
Mono path[0] = 'C:/Program Files/Unity/Hub/Editor/2021.3.26f1/Editor/Data/Managed'
Mono path[1] = 'C:/Program Files/Unity/Hub/Editor/2021.3.26f1/Editor/Data/MonoBleedingEdge/lib/mono/unityjit-win32'
Mono config path = 'C:/Program Files/Unity/Hub/Editor/2021.3.26f1/Editor/Data/MonoBleedingEdge/etc'
Using monoOptions --debugger-agent=transport=dt_socket,embedding=1,server=y,suspend=n,address=127.0.0.1:56080
Begin MonoManager ReloadAssembly
Registering precompiled unity dll's ...
Register platform support module: C:/Program Files/Unity/Hub/Editor/2021.3.26f1/Editor/Data/PlaybackEngines/WindowsStandaloneSupport/UnityEditor.WindowsStandalone.Extensions.dll
Registered in 0.005607 seconds.
Native extension for WindowsStandalone target not found
Refreshing native plugins compatible for Editor in 174.75 ms, found 3 plugins.
Preloading 0 native plugins for Editor in 0.00 ms.
Mono: successfully reloaded assembly
- Completed reload, in  0.835 seconds
Domain Reload Profiling:
	ReloadAssembly (836ms)
		BeginReloadAssembly (95ms)
			ExecutionOrderSort (0ms)
			DisableScriptedObjects (0ms)
			BackupInstance (0ms)
			ReleaseScriptingObjects (0ms)
			CreateAndSetChildDomain (1ms)
		EndReloadAssembly (633ms)
			LoadAssemblies (92ms)
			RebuildTransferFunctionScriptingTraits (0ms)
			SetupTypeCache (128ms)
			ReleaseScriptCaches (0ms)
			RebuildScriptCaches (33ms)
			SetupLoadedEditorAssemblies (413ms)
				LogAssemblyErrors (0ms)
				InitializePlatformSupportModulesInManaged (9ms)
				SetLoadedEditorAssemblies (0ms)
				RefreshPlugins (175ms)
				BeforeProcessingInitializeOnLoad (2ms)
				ProcessInitializeOnLoadAttributes (171ms)
				ProcessInitializeOnLoadMethodAttributes (56ms)
				AfterProcessingInitializeOnLoad (0ms)
				EditorAssembliesLoaded (0ms)
			ExecutionOrderSort2 (0ms)
			AwakeInstancesAfterBackupRestoration (0ms)
Platform modules already initialized, skipping
Registering precompiled user dll's ...
Registered in 0.007228 seconds.
Begin MonoManager ReloadAssembly
Native extension for WindowsStandalone target not found
Refreshing native plugins compatible for Editor in 176.83 ms, found 3 plugins.
Preloading 0 native plugins for Editor in 0.00 ms.
Launched and connected shader compiler UnityShaderCompiler.exe after 0.07 seconds
Mono: successfully reloaded assembly
- Completed reload, in  2.072 seconds
Domain Reload Profiling:
	ReloadAssembly (2073ms)
		BeginReloadAssembly (134ms)
			ExecutionOrderSort (0ms)
			DisableScriptedObjects (7ms)
			BackupInstance (0ms)
			ReleaseScriptingObjects (0ms)
			CreateAndSetChildDomain (22ms)
		EndReloadAssembly (1826ms)
			LoadAssemblies (104ms)
			RebuildTransferFunctionScriptingTraits (0ms)
			SetupTypeCache (359ms)
			ReleaseScriptCaches (1ms)
			RebuildScriptCaches (168ms)
			SetupLoadedEditorAssemblies (1146ms)
				LogAssemblyErrors (0ms)
				InitializePlatformSupportModulesInManaged (5ms)
				SetLoadedEditorAssemblies (0ms)
				RefreshPlugins (177ms)
				BeforeProcessingInitializeOnLoad (121ms)
				ProcessInitializeOnLoadAttributes (494ms)
				ProcessInitializeOnLoadMethodAttributes (340ms)
				AfterProcessingInitializeOnLoad (9ms)
				EditorAssembliesLoaded (0ms)
			ExecutionOrderSort2 (0ms)
			AwakeInstancesAfterBackupRestoration (10ms)
Platform modules already initialized, skipping
========================================================================
Worker process is ready to serve import requests
Refreshing native plugins compatible for Editor in 1.56 ms, found 3 plugins.
Preloading 0 native plugins for Editor in 0.00 ms.
Unloading 6313 Unused Serialized files (Serialized files now loaded: 0)
Unloading 59 unused Assets / (1.5 MB). Loaded Objects now: 6899.
Memory consumption went from 271.0 MB to 269.5 MB.
Total: 14.596000 ms (FindLiveObjects: 0.485000 ms CreateObjectMapping: 0.457700 ms MarkObjects: 13.228100 ms  DeleteObjects: 0.423800 ms)

AssetImportParameters requested are different than current active one (requested -> active):
  custom:video-decoder-ogg-theora: a1e56fd34408186e4bbccfd4996cb3dc -> 
  custom:container-muxer-webm: aa71ff27fc2769a1b78a27578f13a17b -> 
  custom:container-demuxer-webm: 4f35f7cbe854078d1ac9338744f61a02 -> 
  custom:video-encoder-webm-vp8: eb34c28f22e8b96e1ab97ce403110664 -> 
  custom:audio-encoder-webm-vorbis: bf7c407c2cedff20999df2af8eb42d56 -> 
  custom:framework-win-MediaFoundation: 216162199b28c13a410421893ffa2e32 -> 
  custom:container-demuxer-ogg: 62fdf1f143b41e24485cea50d1cbac27 -> 
  custom:video-decoder-webm-vp8: 9c59270c3fd7afecdb556c50c9e8de78 -> 
  custom:audio-decoder-ogg-vorbis: bf7c407c2cedff20999df2af8eb42d56 -> 
========================================================================
Received Import Request.
  Time since last request: 20904.312522 seconds.
  path: Assets/Art Assets/VFX/Pixel Arsenal/Materials/Additive/atlas_big_blue.mat
  artifactKey: Guid(ea94bb26fad0ec74fbfdf2f5aa0d360c) Importer(815301076,1909f56bfc062723c751e8b465ee728b)
Start importing Assets/Art Assets/VFX/Pixel Arsenal/Materials/Additive/atlas_big_blue.mat using Guid(ea94bb26fad0ec74fbfdf2f5aa0d360c) Importer(815301076,1909f56bfc062723c751e8b465ee728b)  -> (artifact id: '4dfd0998259883063cc5ee608096f9c9') in 0.442918 seconds 
========================================================================
Received Import Request.
  Time since last request: 0.000049 seconds.
  path: Assets/LimitlessUnityDevelopment/Retro Look Pro URP/Resources/ThirdPartyAssets/CalibrationScene/Materials/CalibrationGreyscaleDark.mat
  artifactKey: Guid(552450ecb03314e42b43f5e518510ce9) Importer(815301076,1909f56bfc062723c751e8b465ee728b)
Start importing Assets/LimitlessUnityDevelopment/Retro Look Pro URP/Resources/ThirdPartyAssets/CalibrationScene/Materials/CalibrationGreyscaleDark.mat using Guid(552450ecb03314e42b43f5e518510ce9) Importer(815301076,1909f56bfc062723c751e8b465ee728b)  -> (artifact id: 'e2d8ec9e48f5d1399b81a4c1f8a4b7c2') in 1.383127 seconds 
========================================================================
Received Import Request.
  Time since last request: 0.000040 seconds.
  path: Assets/Doozy/_Extras/Fonts/Inter-Thin.ttf
  artifactKey: Guid(9059b69226b4d54499c7d8882b64bf7c) Importer(815301076,1909f56bfc062723c751e8b465ee728b)
Start importing Assets/Doozy/_Extras/Fonts/Inter-Thin.ttf using Guid(9059b69226b4d54499c7d8882b64bf7c) Importer(815301076,1909f56bfc062723c751e8b465ee728b)  -> (artifact id: '69683cf89349931dfef718591cfbb749') in 0.056791 seconds 
========================================================================
Received Import Request.
  Time since last request: 0.000026 seconds.
  path: Assets/Doozy/Editor/EditorUI/Fonts/Inter/Inter-Thin.ttf
  artifactKey: Guid(7d5ab3cf44939d64fb38cc116c71c6c0) Importer(815301076,1909f56bfc062723c751e8b465ee728b)
Start importing Assets/Doozy/Editor/EditorUI/Fonts/Inter/Inter-Thin.ttf using Guid(7d5ab3cf44939d64fb38cc116c71c6c0) Importer(815301076,1909f56bfc062723c751e8b465ee728b)  -> (artifact id: '4d36cc7fd557d75ba60acf15ac4beef0') in 0.014507 seconds 
========================================================================
Received Import Request.
  Time since last request: 0.000032 seconds.
  path: Assets/Doozy/_Extras/Fonts/Inter-Medium.ttf
  artifactKey: Guid(c9389656eeebad842885aad0c1d9e09b) Importer(815301076,1909f56bfc062723c751e8b465ee728b)
Start importing Assets/Doozy/_Extras/Fonts/Inter-Medium.ttf using Guid(c9389656eeebad842885aad0c1d9e09b) Importer(815301076,1909f56bfc062723c751e8b465ee728b)  -> (artifact id: 'ce0dd9ca2cc0979f5bbbfe3f1564f2eb') in 0.040934 seconds 
========================================================================
Received Import Request.
  Time since last request: 0.000042 seconds.
  path: Assets/Art Assets/VFX/Pixel Arsenal/Materials/AlphaBlend/fire_pixel_retro_AB.mat
  artifactKey: Guid(8ed90e27f4cd46147a29e2f389e99a0c) Importer(815301076,1909f56bfc062723c751e8b465ee728b)
Start importing Assets/Art Assets/VFX/Pixel Arsenal/Materials/AlphaBlend/fire_pixel_retro_AB.mat using Guid(8ed90e27f4cd46147a29e2f389e99a0c) Importer(815301076,1909f56bfc062723c751e8b465ee728b)  -> (artifact id: '3c51b96cc6e9e273da41e074830d631e') in 0.034606 seconds 
========================================================================
Received Import Request.
  Time since last request: 0.000034 seconds.
  path: Assets/Art Assets/VFX/Pixel Arsenal/Materials/Multiply/fire_pixel_retro_MULTI.mat
  artifactKey: Guid(e6de6b511b10d4448b27d3872cbb42b4) Importer(815301076,1909f56bfc062723c751e8b465ee728b)
Start importing Assets/Art Assets/VFX/Pixel Arsenal/Materials/Multiply/fire_pixel_retro_MULTI.mat using Guid(e6de6b511b10d4448b27d3872cbb42b4) Importer(815301076,1909f56bfc062723c751e8b465ee728b)  -> (artifact id: '9951c68bcc265313a2e95ba2ccf843cc') in 0.027783 seconds 
========================================================================
Received Import Request.
  Time since last request: 0.000037 seconds.
  path: Assets/Art Assets/Fonts/Abaddon Bold.ttf
  artifactKey: Guid(84bd5a5b4b0a4f44085f4e103747351b) Importer(815301076,1909f56bfc062723c751e8b465ee728b)
Start importing Assets/Art Assets/Fonts/Abaddon Bold.ttf using Guid(84bd5a5b4b0a4f44085f4e103747351b) Importer(815301076,1909f56bfc062723c751e8b465ee728b)  -> (artifact id: 'e51ce1cca1356d926b53903c4d0e05fa') in 0.026558 seconds 
========================================================================
Received Import Request.
  Time since last request: 0.000039 seconds.
  path: Assets/Doozy/_Extras/Fonts/Inter-ExtraBold.ttf
  artifactKey: Guid(ced037617d0799348ab3236d4e84a16f) Importer(815301076,1909f56bfc062723c751e8b465ee728b)
Start importing Assets/Doozy/_Extras/Fonts/Inter-ExtraBold.ttf using Guid(ced037617d0799348ab3236d4e84a16f) Importer(815301076,1909f56bfc062723c751e8b465ee728b)  -> (artifact id: '945d84a9b223d42c857f80c6e1556e1d') in 0.031864 seconds 
========================================================================
Received Import Request.
  Time since last request: 0.000030 seconds.
  path: Assets/Art Assets/VFX/Pixel Arsenal/Materials/Additive/atlas_misc_purple.mat
  artifactKey: Guid(c85a27cbd401b7b43911ed0515b3fb19) Importer(815301076,1909f56bfc062723c751e8b465ee728b)
Start importing Assets/Art Assets/VFX/Pixel Arsenal/Materials/Additive/atlas_misc_purple.mat using Guid(c85a27cbd401b7b43911ed0515b3fb19) Importer(815301076,1909f56bfc062723c751e8b465ee728b)  -> (artifact id: '59e460538a401f8c2ea2f44b8c74759c') in 0.037676 seconds 
========================================================================
Received Import Request.
  Time since last request: 0.000025 seconds.
  path: Assets/Doozy/_Extras/Fonts/Ubuntu-Bold.ttf
  artifactKey: Guid(084a5dd521f0f5d4d98b71d9ab0f4afd) Importer(815301076,1909f56bfc062723c751e8b465ee728b)
Start importing Assets/Doozy/_Extras/Fonts/Ubuntu-Bold.ttf using Guid(084a5dd521f0f5d4d98b71d9ab0f4afd) Importer(815301076,1909f56bfc062723c751e8b465ee728b)  -> (artifact id: '1ebf8d4d9f2b50a007451b4999fb803c') in 0.037323 seconds 
========================================================================
Received Import Request.
  Time since last request: 0.000027 seconds.
  path: Assets/Art Assets/VFX/Pixel Arsenal/Materials/Additive/fire_pixel_purple.mat
  artifactKey: Guid(2bba10c9b6a71e04199d0916017c5a18) Importer(815301076,1909f56bfc062723c751e8b465ee728b)
Start importing Assets/Art Assets/VFX/Pixel Arsenal/Materials/Additive/fire_pixel_purple.mat using Guid(2bba10c9b6a71e04199d0916017c5a18) Importer(815301076,1909f56bfc062723c751e8b465ee728b)  -> (artifact id: '89db56b4b3892c2b7de2d9573c194d02') in 0.039174 seconds 
========================================================================
Received Import Request.
  Time since last request: 0.000027 seconds.
  path: Assets/Doozy/Editor/EditorUI/Fonts/Sansation/Sansation-Regular.ttf
  artifactKey: Guid(d57075202c7e5964a98af7c6d32bbbc9) Importer(815301076,1909f56bfc062723c751e8b465ee728b)
Start importing Assets/Doozy/Editor/EditorUI/Fonts/Sansation/Sansation-Regular.ttf using Guid(d57075202c7e5964a98af7c6d32bbbc9) Importer(815301076,1909f56bfc062723c751e8b465ee728b)  -> (artifact id: '015991d1166bda774c89be0a97312c33') in 0.027468 seconds 
========================================================================
Received Import Request.
  Time since last request: 0.000032 seconds.
  path: Assets/Doozy/Editor/EditorUI/Fonts/Inter/Inter-Black.ttf
  artifactKey: Guid(77c7b0d2c317e7d46958345b2c3e764f) Importer(815301076,1909f56bfc062723c751e8b465ee728b)
Start importing Assets/Doozy/Editor/EditorUI/Fonts/Inter/Inter-Black.ttf using Guid(77c7b0d2c317e7d46958345b2c3e764f) Importer(815301076,1909f56bfc062723c751e8b465ee728b)  -> (artifact id: '55fca0423c0f80b3cb2bb45cbd874297') in 0.014198 seconds 
========================================================================
Received Import Request.
  Time since last request: 0.000044 seconds.
  path: Assets/Doozy/_Extras/Fonts/Ubuntu-Light.ttf
  artifactKey: Guid(552e0d24472ded44cad7385aa405c1e6) Importer(815301076,1909f56bfc062723c751e8b465ee728b)
Start importing Assets/Doozy/_Extras/Fonts/Ubuntu-Light.ttf using Guid(552e0d24472ded44cad7385aa405c1e6) Importer(815301076,1909f56bfc062723c751e8b465ee728b)  -> (artifact id: '8bab6ed42f504646473dde33c7a77ef3') in 0.030612 seconds 
========================================================================
Received Import Request.
  Time since last request: 0.000030 seconds.
  path: Assets/Doozy/_Extras/Fonts/Ubuntu-Regular.ttf
  artifactKey: Guid(c4e068516a1aad94dad9f741bb2ab2f8) Importer(815301076,1909f56bfc062723c751e8b465ee728b)
Start importing Assets/Doozy/_Extras/Fonts/Ubuntu-Regular.ttf using Guid(c4e068516a1aad94dad9f741bb2ab2f8) Importer(815301076,1909f56bfc062723c751e8b465ee728b)  -> (artifact id: '08cb4cd4c68ba7ef3d10c02d6d02fc69') in 0.033188 seconds 
========================================================================
Received Import Request.
  Time since last request: 0.000041 seconds.
  path: Assets/Doozy/Editor/EditorUI/Fonts/Sansation/Sansation-Light.ttf
  artifactKey: Guid(b3483489b392f724992142b2b9377a17) Importer(815301076,1909f56bfc062723c751e8b465ee728b)
Start importing Assets/Doozy/Editor/EditorUI/Fonts/Sansation/Sansation-Light.ttf using Guid(b3483489b392f724992142b2b9377a17) Importer(815301076,1909f56bfc062723c751e8b465ee728b)  -> (artifact id: '3964e722fc7efa3c63c4302d7b752668') in 0.032034 seconds 
========================================================================
Received Import Request.
  Time since last request: 0.000031 seconds.
  path: Assets/Art Assets/Fonts/Crumbled-Pixels.ttf
  artifactKey: Guid(05e4de4108f52b64081f8cc777df5f0d) Importer(815301076,1909f56bfc062723c751e8b465ee728b)
Start importing Assets/Art Assets/Fonts/Crumbled-Pixels.ttf using Guid(05e4de4108f52b64081f8cc777df5f0d) Importer(815301076,1909f56bfc062723c751e8b465ee728b)  -> (artifact id: '9eb4b7c7a164d6f6f3b3d36a92a9b8dd') in 0.032094 seconds 
========================================================================
Received Import Request.
  Time since last request: 0.000027 seconds.
  path: Assets/Plugins/Pixel Crushers/Dialogue System/Prefabs/Art/Fonts/Orbitron/orbitron-medium.otf
  artifactKey: Guid(038a74619252e3244a242e9bf976721c) Importer(815301076,1909f56bfc062723c751e8b465ee728b)
Start importing Assets/Plugins/Pixel Crushers/Dialogue System/Prefabs/Art/Fonts/Orbitron/orbitron-medium.otf using Guid(038a74619252e3244a242e9bf976721c) Importer(815301076,1909f56bfc062723c751e8b465ee728b)  -> (artifact id: '028e4395f7fbe05360e2c4ec0e55cfd3') in 0.034159 seconds 
========================================================================
Received Import Request.
  Time since last request: 0.000031 seconds.
  path: Assets/Art Assets/VFX/Pixel Arsenal/Materials/Additive/atlas_big_red.mat
  artifactKey: Guid(8d73f0e0d24b26341961fb843ead24d2) Importer(815301076,1909f56bfc062723c751e8b465ee728b)
Start importing Assets/Art Assets/VFX/Pixel Arsenal/Materials/Additive/atlas_big_red.mat using Guid(8d73f0e0d24b26341961fb843ead24d2) Importer(815301076,1909f56bfc062723c751e8b465ee728b)  -> (artifact id: '556dcc43f2b196d62fad532225cbee83') in 0.049376 seconds 
========================================================================
Received Import Request.
  Time since last request: 0.000035 seconds.
  path: Assets/Art Assets/VFX/Pixel Arsenal/Materials/Multiply/atlas_big_modular_MULTI.mat
  artifactKey: Guid(8270344e489166847a9ab96309dd202b) Importer(815301076,1909f56bfc062723c751e8b465ee728b)
Start importing Assets/Art Assets/VFX/Pixel Arsenal/Materials/Multiply/atlas_big_modular_MULTI.mat using Guid(8270344e489166847a9ab96309dd202b) Importer(815301076,1909f56bfc062723c751e8b465ee728b)  -> (artifact id: '1c85f11123e36f8273f9771b4e295758') in 0.030534 seconds 
========================================================================
Received Import Request.
  Time since last request: 0.000031 seconds.
  path: Assets/Art Assets/VFX/Pixel Arsenal/Materials/Additive/atlas_big_modular_ADD.mat
  artifactKey: Guid(a826ac3fbd2271b4784d6017dd7edeb1) Importer(815301076,1909f56bfc062723c751e8b465ee728b)
Start importing Assets/Art Assets/VFX/Pixel Arsenal/Materials/Additive/atlas_big_modular_ADD.mat using Guid(a826ac3fbd2271b4784d6017dd7edeb1) Importer(815301076,1909f56bfc062723c751e8b465ee728b)  -> (artifact id: 'fa063fde26fed9347c0b486ff5ae5865') in 0.042574 seconds 
========================================================================
Received Import Request.
  Time since last request: 0.000031 seconds.
  path: Assets/Doozy/_Extras/Fonts/Inter-Bold.ttf
  artifactKey: Guid(7c48503d98b0be24680714b8920a20c6) Importer(815301076,1909f56bfc062723c751e8b465ee728b)
Start importing Assets/Doozy/_Extras/Fonts/Inter-Bold.ttf using Guid(7c48503d98b0be24680714b8920a20c6) Importer(815301076,1909f56bfc062723c751e8b465ee728b)  -> (artifact id: 'b6b2c733b768c541ff0aabc9e4117a02') in 0.016053 seconds 
========================================================================
Received Import Request.
  Time since last request: 0.000026 seconds.
  path: Assets/Art Assets/VFX/Pixel Arsenal/Materials/Additive/atlas_ring_modular.mat
  artifactKey: Guid(7b1c76eff6663ab4aaaf49fe1f2c2c2c) Importer(815301076,1909f56bfc062723c751e8b465ee728b)
Start importing Assets/Art Assets/VFX/Pixel Arsenal/Materials/Additive/atlas_ring_modular.mat using Guid(7b1c76eff6663ab4aaaf49fe1f2c2c2c) Importer(815301076,1909f56bfc062723c751e8b465ee728b)  -> (artifact id: '8144bccb6504bc78614c538f3e2f2eb4') in 0.035293 seconds 
========================================================================
Received Import Request.
  Time since last request: 0.000037 seconds.
  path: Assets/Doozy/Editor/EditorUI/Fonts/Inter/Inter-SemiBold.ttf
  artifactKey: Guid(b45a86e31f34d65489249366a199c075) Importer(815301076,1909f56bfc062723c751e8b465ee728b)
Start importing Assets/Doozy/Editor/EditorUI/Fonts/Inter/Inter-SemiBold.ttf using Guid(b45a86e31f34d65489249366a199c075) Importer(815301076,1909f56bfc062723c751e8b465ee728b)  -> (artifact id: '7893f52a092a721523d26fbd64c588d0') in 0.034987 seconds 
========================================================================
Received Import Request.
  Time since last request: 0.000028 seconds.
  path: Assets/Art Assets/VFX/Pixel Arsenal/Materials/Additive/atlas_big_yellow.mat
  artifactKey: Guid(f1e7f04ae471a944881a92f681979e91) Importer(815301076,1909f56bfc062723c751e8b465ee728b)
Start importing Assets/Art Assets/VFX/Pixel Arsenal/Materials/Additive/atlas_big_yellow.mat using Guid(f1e7f04ae471a944881a92f681979e91) Importer(815301076,1909f56bfc062723c751e8b465ee728b)  -> (artifact id: '62c644af6f28bcf2d718f5955cc2c7cf') in 0.046912 seconds 
========================================================================
Received Import Request.
  Time since last request: 0.000044 seconds.
  path: Assets/Doozy/Editor/EditorUI/Fonts/Ubuntu/Ubuntu-Light.ttf
  artifactKey: Guid(5f9a93ec7b851c04fac7299a88d98874) Importer(815301076,1909f56bfc062723c751e8b465ee728b)
Start importing Assets/Doozy/Editor/EditorUI/Fonts/Ubuntu/Ubuntu-Light.ttf using Guid(5f9a93ec7b851c04fac7299a88d98874) Importer(815301076,1909f56bfc062723c751e8b465ee728b)  -> (artifact id: '42ac5efacde70bd906da01644528edd9') in 0.014662 seconds 
========================================================================
Received Import Request.
  Time since last request: 0.000027 seconds.
  path: Assets/Plugins/Pixel Crushers/Dialogue System/Prefabs/Art/Textures/UnityUI/Jupiter.ttf
  artifactKey: Guid(7cb2912222469634ba17a77055919ea8) Importer(815301076,1909f56bfc062723c751e8b465ee728b)
Start importing Assets/Plugins/Pixel Crushers/Dialogue System/Prefabs/Art/Textures/UnityUI/Jupiter.ttf using Guid(7cb2912222469634ba17a77055919ea8) Importer(815301076,1909f56bfc062723c751e8b465ee728b)  -> (artifact id: '421f55e373540c04c188d369cc833810') in 0.031926 seconds 
========================================================================
Received Import Request.
  Time since last request: 0.000026 seconds.
  path: Assets/Art Assets/VFX/Pixel Arsenal/Materials/Additive/atlas_big_purple.mat
  artifactKey: Guid(1d6c1e8ec84268749a41ba57e44bdffd) Importer(815301076,1909f56bfc062723c751e8b465ee728b)
Start importing Assets/Art Assets/VFX/Pixel Arsenal/Materials/Additive/atlas_big_purple.mat using Guid(1d6c1e8ec84268749a41ba57e44bdffd) Importer(815301076,1909f56bfc062723c751e8b465ee728b)  -> (artifact id: 'db710594021f2e0f65ed68770b6aa500') in 0.043340 seconds 
========================================================================
Received Import Request.
  Time since last request: 0.000042 seconds.
  path: Assets/Art Assets/VFX/Pixel Arsenal/Materials/AlphaBlend/atlas_misc_modular_AB.mat
  artifactKey: Guid(5bd7e927cc00dfb46933570d433928c5) Importer(815301076,1909f56bfc062723c751e8b465ee728b)
Start importing Assets/Art Assets/VFX/Pixel Arsenal/Materials/AlphaBlend/atlas_misc_modular_AB.mat using Guid(5bd7e927cc00dfb46933570d433928c5) Importer(815301076,1909f56bfc062723c751e8b465ee728b)  -> (artifact id: '4bd85cf39ccac725e53254028900d79f') in 0.029343 seconds 
========================================================================
Received Import Request.
  Time since last request: 0.000028 seconds.
  path: Assets/Art Assets/VFX/Pixel Arsenal/Materials/Additive/atlas_misc_red.mat
  artifactKey: Guid(e18625b028db31a4bbd3b84580d3b55a) Importer(815301076,1909f56bfc062723c751e8b465ee728b)
Start importing Assets/Art Assets/VFX/Pixel Arsenal/Materials/Additive/atlas_misc_red.mat using Guid(e18625b028db31a4bbd3b84580d3b55a) Importer(815301076,1909f56bfc062723c751e8b465ee728b)  -> (artifact id: 'ebd15edfd98a2bf92298ad940bc81fa7') in 0.037622 seconds 
========================================================================
Received Import Request.
  Time since last request: 0.000055 seconds.
  path: Assets/Plugins/Pixel Crushers/Dialogue System/Prefabs/Art/Fonts/Orbitron/orbitron-black.otf
  artifactKey: Guid(62ee12dee9c858b4fbf2e65695e40080) Importer(815301076,1909f56bfc062723c751e8b465ee728b)
Start importing Assets/Plugins/Pixel Crushers/Dialogue System/Prefabs/Art/Fonts/Orbitron/orbitron-black.otf using Guid(62ee12dee9c858b4fbf2e65695e40080) Importer(815301076,1909f56bfc062723c751e8b465ee728b)  -> (artifact id: '20a339ac7d7f27d6196ee7855ea24f81') in 0.033795 seconds 
========================================================================
Received Import Request.
  Time since last request: 0.000042 seconds.
  path: Assets/Art Assets/VFX/Pixel Arsenal/Materials/AlphaBlend/fire_pixel_modular_AB.mat
  artifactKey: Guid(559e9bb6707b2fb4fbbbcb83e3c56de4) Importer(815301076,1909f56bfc062723c751e8b465ee728b)
Start importing Assets/Art Assets/VFX/Pixel Arsenal/Materials/AlphaBlend/fire_pixel_modular_AB.mat using Guid(559e9bb6707b2fb4fbbbcb83e3c56de4) Importer(815301076,1909f56bfc062723c751e8b465ee728b)  -> (artifact id: '9424491b23441242be6acf5b6ac8be50') in 0.035657 seconds 
========================================================================
Received Import Request.
  Time since last request: 0.000024 seconds.
  path: Assets/TextMesh Pro/Fonts/LiberationSans.ttf
  artifactKey: Guid(e3265ab4bf004d28a9537516768c1c75) Importer(815301076,1909f56bfc062723c751e8b465ee728b)
Start importing Assets/TextMesh Pro/Fonts/LiberationSans.ttf using Guid(e3265ab4bf004d28a9537516768c1c75) Importer(815301076,1909f56bfc062723c751e8b465ee728b)  -> (artifact id: 'fcc8ff89d60c70c8e8882d9c0b591941') in 0.031926 seconds 
========================================================================
Received Import Request.
  Time since last request: 0.000028 seconds.
  path: Assets/Art Assets/VFX/Pixel Arsenal/Materials/Additive/fire_pixel_retro_ADD.mat
  artifactKey: Guid(a88c0672a25b9c04aae0b95bd5ed5446) Importer(815301076,1909f56bfc062723c751e8b465ee728b)
Start importing Assets/Art Assets/VFX/Pixel Arsenal/Materials/Additive/fire_pixel_retro_ADD.mat using Guid(a88c0672a25b9c04aae0b95bd5ed5446) Importer(815301076,1909f56bfc062723c751e8b465ee728b)  -> (artifact id: '3b646ed6fd75b1216353db084cc87fa5') in 0.030410 seconds 
========================================================================
Received Import Request.
  Time since last request: 0.000033 seconds.
  path: Assets/Doozy/Editor/EditorUI/Fonts/Ubuntu/Ubuntu-Bold.ttf
  artifactKey: Guid(8b9a378ff5660614cba6cf51e6f246d7) Importer(815301076,1909f56bfc062723c751e8b465ee728b)
Start importing Assets/Doozy/Editor/EditorUI/Fonts/Ubuntu/Ubuntu-Bold.ttf using Guid(8b9a378ff5660614cba6cf51e6f246d7) Importer(815301076,1909f56bfc062723c751e8b465ee728b)  -> (artifact id: '013fce815309b479bdb507a010921e1c') in 0.013926 seconds 
========================================================================
Received Import Request.
  Time since last request: 0.000055 seconds.
  path: Assets/Doozy/_Extras/Fonts/Inter-SemiBold.ttf
  artifactKey: Guid(759ada77e5bbaad4a87a6021f1a21aa9) Importer(815301076,1909f56bfc062723c751e8b465ee728b)
Start importing Assets/Doozy/_Extras/Fonts/Inter-SemiBold.ttf using Guid(759ada77e5bbaad4a87a6021f1a21aa9) Importer(815301076,1909f56bfc062723c751e8b465ee728b)  -> (artifact id: 'ce41ed2add3fd1aca0ead110425f4ba7') in 0.014023 seconds 
========================================================================
Received Import Request.
  Time since last request: 0.000027 seconds.
  path: Assets/Art Assets/VFX/Pixel Arsenal/Materials/Additive/atlas_ring_red.mat
  artifactKey: Guid(e5e8b90f8f4803f4daba590e6bc7f6bc) Importer(815301076,1909f56bfc062723c751e8b465ee728b)
Start importing Assets/Art Assets/VFX/Pixel Arsenal/Materials/Additive/atlas_ring_red.mat using Guid(e5e8b90f8f4803f4daba590e6bc7f6bc) Importer(815301076,1909f56bfc062723c751e8b465ee728b)  -> (artifact id: '6070ce658a26e9ce4587530d0c3191d4') in 0.041957 seconds 
========================================================================
Received Import Request.
  Time since last request: 0.000029 seconds.
  path: Assets/LimitlessUnityDevelopment/Retro Look Pro URP/Resources/ThirdPartyAssets/CalibrationScene/Skyboxes/DaytimeSkybox.mat
  artifactKey: Guid(aa21d673c2048eb4ca3f694f4302eb3c) Importer(815301076,1909f56bfc062723c751e8b465ee728b)
Start importing Assets/LimitlessUnityDevelopment/Retro Look Pro URP/Resources/ThirdPartyAssets/CalibrationScene/Skyboxes/DaytimeSkybox.mat using Guid(aa21d673c2048eb4ca3f694f4302eb3c) Importer(815301076,1909f56bfc062723c751e8b465ee728b)  -> (artifact id: '751ffa2f7a80ecda11f1ce10a24576df') in 0.156600 seconds 
========================================================================
Received Import Request.
  Time since last request: 0.000039 seconds.
  path: Assets/Art Assets/VFX/Pixel Arsenal/Materials/Additive/fire_pixel_modular_ADD.mat
  artifactKey: Guid(2c4c8d762d1b1594ba58386c002f8817) Importer(815301076,1909f56bfc062723c751e8b465ee728b)
Start importing Assets/Art Assets/VFX/Pixel Arsenal/Materials/Additive/fire_pixel_modular_ADD.mat using Guid(2c4c8d762d1b1594ba58386c002f8817) Importer(815301076,1909f56bfc062723c751e8b465ee728b)  -> (artifact id: '23953797cf403668d3d1addeee45ffd9') in 0.029779 seconds 
========================================================================
Received Import Request.
  Time since last request: 0.000031 seconds.
  path: Assets/Doozy/Editor/EditorUI/Fonts/Ubuntu/Ubuntu-Medium.ttf
  artifactKey: Guid(48f55fd50654097478f5107072378a7d) Importer(815301076,1909f56bfc062723c751e8b465ee728b)
Start importing Assets/Doozy/Editor/EditorUI/Fonts/Ubuntu/Ubuntu-Medium.ttf using Guid(48f55fd50654097478f5107072378a7d) Importer(815301076,1909f56bfc062723c751e8b465ee728b)  -> (artifact id: 'e4b60ff1091b1c59681ec774e7adb3ba') in 0.016764 seconds 
========================================================================
Received Import Request.
  Time since last request: 0.000031 seconds.
  path: Assets/Doozy/Editor/EditorUI/Fonts/Ubuntu/Ubuntu-Regular.ttf
  artifactKey: Guid(6712d440f3a7ef64eaf42892109ff2cf) Importer(815301076,1909f56bfc062723c751e8b465ee728b)
Start importing Assets/Doozy/Editor/EditorUI/Fonts/Ubuntu/Ubuntu-Regular.ttf using Guid(6712d440f3a7ef64eaf42892109ff2cf) Importer(815301076,1909f56bfc062723c751e8b465ee728b)  -> (artifact id: 'e106da6bc05bc301e2ef8baf50c5a94e') in 0.024141 seconds 
========================================================================
Received Import Request.
  Time since last request: 0.000027 seconds.
  path: Assets/Doozy/_Extras/Fonts/Inter-Regular.ttf
  artifactKey: Guid(8db64e73070efc14badb623c3e56e9ee) Importer(815301076,1909f56bfc062723c751e8b465ee728b)
Start importing Assets/Doozy/_Extras/Fonts/Inter-Regular.ttf using Guid(8db64e73070efc14badb623c3e56e9ee) Importer(815301076,1909f56bfc062723c751e8b465ee728b)  -> (artifact id: '02f973b72b4be168a746733d896f7ffa') in 0.036138 seconds 
========================================================================
Received Import Request.
  Time since last request: 0.000021 seconds.
  path: Assets/Doozy/Editor/EditorUI/Fonts/Inter/Inter-ExtraLight.ttf
  artifactKey: Guid(db24a0a641b28194f9433ee57dd230ef) Importer(815301076,1909f56bfc062723c751e8b465ee728b)
Start importing Assets/Doozy/Editor/EditorUI/Fonts/Inter/Inter-ExtraLight.ttf using Guid(db24a0a641b28194f9433ee57dd230ef) Importer(815301076,1909f56bfc062723c751e8b465ee728b)  -> (artifact id: 'f29c551f6fab45a276d6a7d661c0e3c2') in 0.013113 seconds 
========================================================================
Received Import Request.
  Time since last request: 0.000048 seconds.
  path: Assets/Doozy/Editor/EditorUI/Fonts/Inter/Inter-Light.ttf
  artifactKey: Guid(fe77d1dc79e978541ab7be0bfbf99854) Importer(815301076,1909f56bfc062723c751e8b465ee728b)
Start importing Assets/Doozy/Editor/EditorUI/Fonts/Inter/Inter-Light.ttf using Guid(fe77d1dc79e978541ab7be0bfbf99854) Importer(815301076,1909f56bfc062723c751e8b465ee728b)  -> (artifact id: 'fb8063788354348a32e244d9cfeba42c') in 0.011491 seconds 
========================================================================
Received Import Request.
  Time since last request: 0.000025 seconds.
  path: Assets/Art Assets/VFX/Pixel Arsenal/Materials/Additive/fire_pixel_blue.mat
  artifactKey: Guid(854ff48ec0d5fa548abcc21c5608735b) Importer(815301076,1909f56bfc062723c751e8b465ee728b)
Start importing Assets/Art Assets/VFX/Pixel Arsenal/Materials/Additive/fire_pixel_blue.mat using Guid(854ff48ec0d5fa548abcc21c5608735b) Importer(815301076,1909f56bfc062723c751e8b465ee728b)  -> (artifact id: '84e709ef866fa1828e246df5d4f35a18') in 0.032441 seconds 
========================================================================
Received Import Request.
  Time since last request: 0.000032 seconds.
  path: Assets/Art Assets/VFX/Pixel Arsenal/Materials/Additive/atlas_misc_blue.mat
  artifactKey: Guid(7d2139d2bfa37514b866d7a4e62abc2b) Importer(815301076,1909f56bfc062723c751e8b465ee728b)
Start importing Assets/Art Assets/VFX/Pixel Arsenal/Materials/Additive/atlas_misc_blue.mat using Guid(7d2139d2bfa37514b866d7a4e62abc2b) Importer(815301076,1909f56bfc062723c751e8b465ee728b)  -> (artifact id: 'cfec9ecb9f906c621bf96332bdfd1875') in 0.036139 seconds 
========================================================================
Received Import Request.
  Time since last request: 0.000039 seconds.
  path: Assets/Doozy/Editor/EditorUI/Fonts/Inter/Inter-ExtraBold.ttf
  artifactKey: Guid(b0a1088b8ceaa02409db493d59b9cade) Importer(815301076,1909f56bfc062723c751e8b465ee728b)
Start importing Assets/Doozy/Editor/EditorUI/Fonts/Inter/Inter-ExtraBold.ttf using Guid(b0a1088b8ceaa02409db493d59b9cade) Importer(815301076,1909f56bfc062723c751e8b465ee728b)  -> (artifact id: 'f06cd23413a940ca9edcd8e9ff65c55d') in 0.023619 seconds 
Editor requested this worker to shutdown with reason: Scaling down because of idle timeout
AssetImportWorker is now disconnected from the server
Process exiting
Exiting without the bug reporter. Application will terminate with return code 0